<?xml version="1.0" encoding="UTF-8"?>
<testng-results skipped="0" failed="0" ignored="0" total="1" passed="1">
  <reporter-output>
  </reporter-output>
  <suite name="Default suite" duration-ms="3060" started-at="2019-08-21T13:17:21Z" finished-at="2019-08-21T13:17:24Z">
    <groups>
    </groups>
    <test name="Default test" duration-ms="3060" started-at="2019-08-21T13:17:21Z" finished-at="2019-08-21T13:17:24Z">
      <class name="com.atmecs.task.DataBase">
        <test-method status="PASS" signature="connection()[pri:0, instance:com.atmecs.task.DataBase@51565ec2]" name="connection" is-config="true" duration-ms="2786" started-at="2019-08-21T13:17:21Z" finished-at="2019-08-21T13:17:23Z">
          <reporter-output>
          </reporter-output>
        </test-method> <!-- connection -->
        <test-method status="PASS" signature="getInfo()[pri:0, instance:com.atmecs.task.DataBase@51565ec2]" name="getInfo" duration-ms="180" started-at="2019-08-21T13:17:23Z" finished-at="2019-08-21T13:17:24Z">
          <reporter-output>
          </reporter-output>
        </test-method> <!-- getInfo -->
        <test-method status="PASS" signature="close()[pri:0, instance:com.atmecs.task.DataBase@51565ec2]" name="close" is-config="true" duration-ms="0" started-at="2019-08-21T13:17:24Z" finished-at="2019-08-21T13:17:24Z">
          <reporter-output>
          </reporter-output>
        </test-method> <!-- close -->
      </class> <!-- com.atmecs.task.DataBase -->
    </test> <!-- Default test -->
  </suite> <!-- Default suite -->
</testng-results>
