<?xml version="1.0" encoding="UTF-8"?>
<!-- Generated by org.testng.reporters.JUnitXMLReporter -->
<testsuite hostname="ATMECSINLT-084" ignored="2" name="Test" tests="3" failures="0" timestamp="21 Aug 2019 13:04:45 GMT" time="0.092" errors="0">
  <testcase name="test1" time="0.02" classname="com.atmecs.task.Grouping"/>
  <testcase name="test4" time="0.008" classname="com.atmecs.task.Grouping"/>
  <testcase name="test5" time="0.002" classname="com.atmecs.task.Grouping"/>
  <testcase name="test2" time="0.0" classname="com.atmecs.task.Grouping">
    <ignored/>
  </testcase> <!-- test2 -->
  <testcase name="test3" time="0.0" classname="com.atmecs.task.Grouping">
    <ignored/>
  </testcase> <!-- test3 -->
</testsuite> <!-- Test -->
